system   I             system.c:245  al_install_system                [   0.00094] Allegro version: 5.1.12 (WIP)
system   D            wsystem.c:674  maybe_parent_dir                 [   0.00173] Also searching C:\Users\Rica.PENGIN\Documents\Visual Studio 2015\Projects\Snake\Snake\
system   D            wsystem.c:724  _al_win_safe_load_library        [   0.00255] PathFindOnPath found: C:\WINDOWS\system32\d3d9.dll
system   D            wsystem.c:635  load_library_at_path             [   0.00260] Calling LoadLibrary C:\WINDOWS\system32\d3d9.dll
system   I            wsystem.c:638  load_library_at_path             [   0.55282] Loaded C:\WINDOWS\system32\d3d9.dll
d3d      I         d3d_disp.cpp:672  d3d_init_display                 [   0.64728] Render-to-texture: 1
d3d      I         d3d_disp.cpp:1770 d3d_create_display_locked        [   0.64889] faux_fullscreen=0
d3d      D         d3d_disp.cpp:1771 d3d_create_display_locked        [   0.64896] al_display=00B39CB0
d3d      D         d3d_disp.cpp:1772 d3d_create_display_locked        [   0.64900] al_display->vt=00B3A298
d3d      I d3d_display_formats.cpp:144  _al_d3d_generate_display_format_list [   0.68589] found 288 format combinations
display  D   display_settings.c:202  debug_display_settings           [   0.68599] color: 32 (rgba 8880), depth: 0, stencil: 0, acc: 0000, samples: 0/0
display  D   display_settings.c:517  _al_score_display_settings       [   0.68605] Score is : 897
display  D   display_settings.c:202  debug_display_settings           [   0.68610] color: 32 (rgba 8880), depth: 0, stencil: 0, acc: 0000, samples: 0/0
display  D   display_settings.c:517  _al_score_display_settings       [   0.68615] Score is : 897
display  D   display_settings.c:202  debug_display_settings           [   0.68619] color: 32 (rgba 8880), depth: 0, stencil: 0, acc: 0000, samples: 2/1
display  D   display_settings.c:517  _al_score_display_settings       [   0.68625] Score is : 726
display  D   display_settings.c:202  debug_display_settings           [   0.68629] color: 32 (rgba 8880), depth: 0, stencil: 0, acc: 0000, samples: 3/1
display  D   display_settings.c:517  _al_score_display_settings       [   0.68634] Score is : 721
display  D   display_settings.c:202  debug_display_settings           [   0.68639] color: 32 (rgba 8880), depth: 0, stencil: 0, acc: 0000, samples: 4/1
display  D   display_settings.c:517  _al_score_display_settings       [   0.68644] Score is : 717
display  D   display_settings.c:202  debug_display_settings           [   0.68648] color: 32 (rgba 8880), depth: 0, stencil: 0, acc: 0000, samples: 5/1
display  D   display_settings.c:517  _al_score_display_settings       [   0.68654] Score is : 715
display  D   display_settings.c:202  debug_display_settings           [   0.68658] color: 32 (rgba 8880), depth: 0, stencil: 0, acc: 0000, samples: 6/1
display  D   display_settings.c:517  _al_score_display_settings       [   0.68664] Score is : 714
display  D   display_settings.c:202  debug_display_settings           [   0.68668] color: 32 (rgba 8880), depth: 0, stencil: 0, acc: 0000, samples: 7/1
display  D   display_settings.c:517  _al_score_display_settings       [   0.68673] Score is : 713
display  D   display_settings.c:202  debug_display_settings           [   0.68678] color: 32 (rgba 8880), depth: 0, stencil: 0, acc: 0000, samples: 8/1
display  D   display_settings.c:517  _al_score_display_settings       [   0.68684] Score is : 712
display  D   display_settings.c:202  debug_display_settings           [   0.68688] color: 32 (rgba 8880), depth: 24, stencil: 8, acc: 0000, samples: 0/0
display  D   display_settings.c:517  _al_score_display_settings       [   0.68694] Score is : 897
display  D   display_settings.c:202  debug_display_settings           [   0.68698] color: 32 (rgba 8880), depth: 24, stencil: 8, acc: 0000, samples: 0/0
display  D   display_settings.c:517  _al_score_display_settings       [   0.68703] Score is : 897
display  D   display_settings.c:202  debug_display_settings           [   0.68708] color: 32 (rgba 8880), depth: 24, stencil: 8, acc: 0000, samples: 2/1
display  D   display_settings.c:517  _al_score_display_settings       [   0.68723] Score is : 726
display  D   display_settings.c:202  debug_display_settings           [   0.68728] color: 32 (rgba 8880), depth: 24, stencil: 8, acc: 0000, samples: 3/1
display  D   display_settings.c:517  _al_score_display_settings       [   0.68734] Score is : 721
display  D   display_settings.c:202  debug_display_settings           [   0.68738] color: 32 (rgba 8880), depth: 24, stencil: 8, acc: 0000, samples: 4/1
display  D   display_settings.c:517  _al_score_display_settings       [   0.68744] Score is : 717
display  D   display_settings.c:202  debug_display_settings           [   0.68748] color: 32 (rgba 8880), depth: 24, stencil: 8, acc: 0000, samples: 5/1
display  D   display_settings.c:517  _al_score_display_settings       [   0.68754] Score is : 715
display  D   display_settings.c:202  debug_display_settings           [   0.68758] color: 32 (rgba 8880), depth: 24, stencil: 8, acc: 0000, samples: 6/1
display  D   display_settings.c:517  _al_score_display_settings       [   0.68764] Score is : 714
display  D   display_settings.c:202  debug_display_settings           [   0.68768] color: 32 (rgba 8880), depth: 24, stencil: 8, acc: 0000, samples: 7/1
display  D   display_settings.c:517  _al_score_display_settings       [   0.68774] Score is : 713
display  D   display_settings.c:202  debug_display_settings           [   0.68779] color: 32 (rgba 8880), depth: 24, stencil: 8, acc: 0000, samples: 8/1
display  D   display_settings.c:517  _al_score_display_settings       [   0.68784] Score is : 712
display  D   display_settings.c:202  debug_display_settings           [   0.68789] color: 32 (rgba 8880), depth: 24, stencil: 0, acc: 0000, samples: 0/0
display  D   display_settings.c:517  _al_score_display_settings       [   0.68795] Score is : 897
display  D   display_settings.c:202  debug_display_settings           [   0.68800] color: 32 (rgba 8880), depth: 24, stencil: 0, acc: 0000, samples: 0/0
display  D   display_settings.c:517  _al_score_display_settings       [   0.68805] Score is : 897
display  D   display_settings.c:202  debug_display_settings           [   0.68809] color: 32 (rgba 8880), depth: 24, stencil: 0, acc: 0000, samples: 2/1
display  D   display_settings.c:517  _al_score_display_settings       [   0.68815] Score is : 726
display  D   display_settings.c:202  debug_display_settings           [   0.68819] color: 32 (rgba 8880), depth: 24, stencil: 0, acc: 0000, samples: 3/1
display  D   display_settings.c:517  _al_score_display_settings       [   0.68825] Score is : 721
display  D   display_settings.c:202  debug_display_settings           [   0.68829] color: 32 (rgba 8880), depth: 24, stencil: 0, acc: 0000, samples: 4/1
display  D   display_settings.c:517  _al_score_display_settings       [   0.68835] Score is : 717
display  D   display_settings.c:202  debug_display_settings           [   0.68839] color: 32 (rgba 8880), depth: 24, stencil: 0, acc: 0000, samples: 5/1
display  D   display_settings.c:517  _al_score_display_settings       [   0.68844] Score is : 715
display  D   display_settings.c:202  debug_display_settings           [   0.68848] color: 32 (rgba 8880), depth: 24, stencil: 0, acc: 0000, samples: 6/1
display  D   display_settings.c:517  _al_score_display_settings       [   0.68854] Score is : 714
display  D   display_settings.c:202  debug_display_settings           [   0.68860] color: 32 (rgba 8880), depth: 24, stencil: 0, acc: 0000, samples: 7/1
display  D   display_settings.c:517  _al_score_display_settings       [   0.68867] Score is : 713
display  D   display_settings.c:202  debug_display_settings           [   0.68872] color: 32 (rgba 8880), depth: 24, stencil: 0, acc: 0000, samples: 8/1
display  D   display_settings.c:517  _al_score_display_settings       [   0.68877] Score is : 712
display  D   display_settings.c:202  debug_display_settings           [   0.68881] color: 32 (rgba 8880), depth: 16, stencil: 0, acc: 0000, samples: 0/0
display  D   display_settings.c:517  _al_score_display_settings       [   0.68886] Score is : 897
display  D   display_settings.c:202  debug_display_settings           [   0.68891] color: 32 (rgba 8880), depth: 16, stencil: 0, acc: 0000, samples: 0/0
display  D   display_settings.c:517  _al_score_display_settings       [   0.68897] Score is : 897
display  D   display_settings.c:202  debug_display_settings           [   0.68901] color: 32 (rgba 8880), depth: 16, stencil: 0, acc: 0000, samples: 2/1
display  D   display_settings.c:517  _al_score_display_settings       [   0.68907] Score is : 726
display  D   display_settings.c:202  debug_display_settings           [   0.68911] color: 32 (rgba 8880), depth: 16, stencil: 0, acc: 0000, samples: 3/1
display  D   display_settings.c:517  _al_score_display_settings       [   0.68916] Score is : 721
display  D   display_settings.c:202  debug_display_settings           [   0.68921] color: 32 (rgba 8880), depth: 16, stencil: 0, acc: 0000, samples: 4/1
display  D   display_settings.c:517  _al_score_display_settings       [   0.68926] Score is : 717
display  D   display_settings.c:202  debug_display_settings           [   0.68930] color: 32 (rgba 8880), depth: 16, stencil: 0, acc: 0000, samples: 5/1
display  D   display_settings.c:517  _al_score_display_settings       [   0.68936] Score is : 715
display  D   display_settings.c:202  debug_display_settings           [   0.68940] color: 32 (rgba 8880), depth: 16, stencil: 0, acc: 0000, samples: 6/1
display  D   display_settings.c:517  _al_score_display_settings       [   0.68945] Score is : 714
display  D   display_settings.c:202  debug_display_settings           [   0.68949] color: 32 (rgba 8880), depth: 16, stencil: 0, acc: 0000, samples: 7/1
display  D   display_settings.c:517  _al_score_display_settings       [   0.68955] Score is : 713
display  D   display_settings.c:202  debug_display_settings           [   0.68959] color: 32 (rgba 8880), depth: 16, stencil: 0, acc: 0000, samples: 8/1
display  D   display_settings.c:517  _al_score_display_settings       [   0.68964] Score is : 712
display  D   display_settings.c:202  debug_display_settings           [   0.68968] color: 16 (rgba 5650), depth: 0, stencil: 0, acc: 0000, samples: 0/0
display  D   display_settings.c:517  _al_score_display_settings       [   0.68974] Score is : 897
display  D   display_settings.c:202  debug_display_settings           [   0.68978] color: 16 (rgba 5650), depth: 0, stencil: 0, acc: 0000, samples: 0/0
display  D   display_settings.c:517  _al_score_display_settings       [   0.68984] Score is : 897
display  D   display_settings.c:202  debug_display_settings           [   0.68988] color: 16 (rgba 5650), depth: 0, stencil: 0, acc: 0000, samples: 2/1
display  D   display_settings.c:517  _al_score_display_settings       [   0.68993] Score is : 726
display  D   display_settings.c:202  debug_display_settings           [   0.68997] color: 16 (rgba 5650), depth: 0, stencil: 0, acc: 0000, samples: 3/1
display  D   display_settings.c:517  _al_score_display_settings       [   0.69002] Score is : 721
display  D   display_settings.c:202  debug_display_settings           [   0.69007] color: 16 (rgba 5650), depth: 0, stencil: 0, acc: 0000, samples: 4/1
display  D   display_settings.c:517  _al_score_display_settings       [   0.69012] Score is : 717
display  D   display_settings.c:202  debug_display_settings           [   0.69016] color: 16 (rgba 5650), depth: 0, stencil: 0, acc: 0000, samples: 5/1
display  D   display_settings.c:517  _al_score_display_settings       [   0.69022] Score is : 715
display  D   display_settings.c:202  debug_display_settings           [   0.69026] color: 16 (rgba 5650), depth: 0, stencil: 0, acc: 0000, samples: 6/1
display  D   display_settings.c:517  _al_score_display_settings       [   0.69031] Score is : 714
display  D   display_settings.c:202  debug_display_settings           [   0.69036] color: 16 (rgba 5650), depth: 0, stencil: 0, acc: 0000, samples: 7/1
display  D   display_settings.c:517  _al_score_display_settings       [   0.69041] Score is : 713
display  D   display_settings.c:202  debug_display_settings           [   0.69046] color: 16 (rgba 5650), depth: 0, stencil: 0, acc: 0000, samples: 8/1
display  D   display_settings.c:517  _al_score_display_settings       [   0.69052] Score is : 712
display  D   display_settings.c:202  debug_display_settings           [   0.69056] color: 16 (rgba 5650), depth: 24, stencil: 8, acc: 0000, samples: 0/0
display  D   display_settings.c:517  _al_score_display_settings       [   0.69062] Score is : 897
display  D   display_settings.c:202  debug_display_settings           [   0.69066] color: 16 (rgba 5650), depth: 24, stencil: 8, acc: 0000, samples: 0/0
display  D   display_settings.c:517  _al_score_display_settings       [   0.69071] Score is : 897
display  D   display_settings.c:202  debug_display_settings           [   0.69075] color: 16 (rgba 5650), depth: 24, stencil: 8, acc: 0000, samples: 2/1
display  D   display_settings.c:517  _al_score_display_settings       [   0.69081] Score is : 726
display  D   display_settings.c:202  debug_display_settings           [   0.69085] color: 16 (rgba 5650), depth: 24, stencil: 8, acc: 0000, samples: 3/1
display  D   display_settings.c:517  _al_score_display_settings       [   0.69090] Score is : 721
display  D   display_settings.c:202  debug_display_settings           [   0.69095] color: 16 (rgba 5650), depth: 24, stencil: 8, acc: 0000, samples: 4/1
display  D   display_settings.c:517  _al_score_display_settings       [   0.69100] Score is : 717
display  D   display_settings.c:202  debug_display_settings           [   0.69104] color: 16 (rgba 5650), depth: 24, stencil: 8, acc: 0000, samples: 5/1
display  D   display_settings.c:517  _al_score_display_settings       [   0.69110] Score is : 715
display  D   display_settings.c:202  debug_display_settings           [   0.69114] color: 16 (rgba 5650), depth: 24, stencil: 8, acc: 0000, samples: 6/1
display  D   display_settings.c:517  _al_score_display_settings       [   0.69120] Score is : 714
display  D   display_settings.c:202  debug_display_settings           [   0.69124] color: 16 (rgba 5650), depth: 24, stencil: 8, acc: 0000, samples: 7/1
display  D   display_settings.c:517  _al_score_display_settings       [   0.69130] Score is : 713
display  D   display_settings.c:202  debug_display_settings           [   0.69134] color: 16 (rgba 5650), depth: 24, stencil: 8, acc: 0000, samples: 8/1
display  D   display_settings.c:517  _al_score_display_settings       [   0.69139] Score is : 712
display  D   display_settings.c:202  debug_display_settings           [   0.69144] color: 16 (rgba 5650), depth: 24, stencil: 0, acc: 0000, samples: 0/0
display  D   display_settings.c:517  _al_score_display_settings       [   0.69149] Score is : 897
display  D   display_settings.c:202  debug_display_settings           [   0.69153] color: 16 (rgba 5650), depth: 24, stencil: 0, acc: 0000, samples: 0/0
display  D   display_settings.c:517  _al_score_display_settings       [   0.69159] Score is : 897
display  D   display_settings.c:202  debug_display_settings           [   0.69163] color: 16 (rgba 5650), depth: 24, stencil: 0, acc: 0000, samples: 2/1
display  D   display_settings.c:517  _al_score_display_settings       [   0.69169] Score is : 726
display  D   display_settings.c:202  debug_display_settings           [   0.69173] color: 16 (rgba 5650), depth: 24, stencil: 0, acc: 0000, samples: 3/1
display  D   display_settings.c:517  _al_score_display_settings       [   0.69178] Score is : 721
display  D   display_settings.c:202  debug_display_settings           [   0.69183] color: 16 (rgba 5650), depth: 24, stencil: 0, acc: 0000, samples: 4/1
display  D   display_settings.c:517  _al_score_display_settings       [   0.69188] Score is : 717
display  D   display_settings.c:202  debug_display_settings           [   0.69192] color: 16 (rgba 5650), depth: 24, stencil: 0, acc: 0000, samples: 5/1
display  D   display_settings.c:517  _al_score_display_settings       [   0.69198] Score is : 715
display  D   display_settings.c:202  debug_display_settings           [   0.69202] color: 16 (rgba 5650), depth: 24, stencil: 0, acc: 0000, samples: 6/1
display  D   display_settings.c:517  _al_score_display_settings       [   0.69217] Score is : 714
display  D   display_settings.c:202  debug_display_settings           [   0.69221] color: 16 (rgba 5650), depth: 24, stencil: 0, acc: 0000, samples: 7/1
display  D   display_settings.c:517  _al_score_display_settings       [   0.69227] Score is : 713
display  D   display_settings.c:202  debug_display_settings           [   0.69231] color: 16 (rgba 5650), depth: 24, stencil: 0, acc: 0000, samples: 8/1
display  D   display_settings.c:517  _al_score_display_settings       [   0.69236] Score is : 712
display  D   display_settings.c:202  debug_display_settings           [   0.69240] color: 16 (rgba 5650), depth: 16, stencil: 0, acc: 0000, samples: 0/0
display  D   display_settings.c:517  _al_score_display_settings       [   0.69246] Score is : 897
display  D   display_settings.c:202  debug_display_settings           [   0.69250] color: 16 (rgba 5650), depth: 16, stencil: 0, acc: 0000, samples: 0/0
display  D   display_settings.c:517  _al_score_display_settings       [   0.69255] Score is : 897
display  D   display_settings.c:202  debug_display_settings           [   0.69260] color: 16 (rgba 5650), depth: 16, stencil: 0, acc: 0000, samples: 2/1
display  D   display_settings.c:517  _al_score_display_settings       [   0.69265] Score is : 726
display  D   display_settings.c:202  debug_display_settings           [   0.69269] color: 16 (rgba 5650), depth: 16, stencil: 0, acc: 0000, samples: 3/1
display  D   display_settings.c:517  _al_score_display_settings       [   0.69274] Score is : 721
display  D   display_settings.c:202  debug_display_settings           [   0.69279] color: 16 (rgba 5650), depth: 16, stencil: 0, acc: 0000, samples: 4/1
display  D   display_settings.c:517  _al_score_display_settings       [   0.69284] Score is : 717
display  D   display_settings.c:202  debug_display_settings           [   0.69289] color: 16 (rgba 5650), depth: 16, stencil: 0, acc: 0000, samples: 5/1
display  D   display_settings.c:517  _al_score_display_settings       [   0.69295] Score is : 715
display  D   display_settings.c:202  debug_display_settings           [   0.69299] color: 16 (rgba 5650), depth: 16, stencil: 0, acc: 0000, samples: 6/1
display  D   display_settings.c:517  _al_score_display_settings       [   0.69305] Score is : 714
display  D   display_settings.c:202  debug_display_settings           [   0.69309] color: 16 (rgba 5650), depth: 16, stencil: 0, acc: 0000, samples: 7/1
display  D   display_settings.c:517  _al_score_display_settings       [   0.69315] Score is : 713
display  D   display_settings.c:202  debug_display_settings           [   0.69320] color: 16 (rgba 5650), depth: 16, stencil: 0, acc: 0000, samples: 8/1
display  D   display_settings.c:517  _al_score_display_settings       [   0.69326] Score is : 712
display  D   display_settings.c:202  debug_display_settings           [   0.69330] color: 32 (rgba 8880), depth: 0, stencil: 0, acc: 0000, samples: 0/0
display  D   display_settings.c:388  _al_score_display_settings       [   0.69338] Single Buffer requirement not met.
display  D   display_settings.c:202  debug_display_settings           [   0.69343] color: 32 (rgba 8880), depth: 0, stencil: 0, acc: 0000, samples: 0/0
display  D   display_settings.c:388  _al_score_display_settings       [   0.69348] Single Buffer requirement not met.
display  D   display_settings.c:202  debug_display_settings           [   0.69353] color: 32 (rgba 8880), depth: 0, stencil: 0, acc: 0000, samples: 2/1
display  D   display_settings.c:388  _al_score_display_settings       [   0.69359] Single Buffer requirement not met.
display  D   display_settings.c:202  debug_display_settings           [   0.69363] color: 32 (rgba 8880), depth: 0, stencil: 0, acc: 0000, samples: 3/1
display  D   display_settings.c:388  _al_score_display_settings       [   0.69369] Single Buffer requirement not met.
display  D   display_settings.c:202  debug_display_settings           [   0.69374] color: 32 (rgba 8880), depth: 0, stencil: 0, acc: 0000, samples: 4/1
display  D   display_settings.c:388  _al_score_display_settings       [   0.69380] Single Buffer requirement not met.
display  D   display_settings.c:202  debug_display_settings           [   0.69385] color: 32 (rgba 8880), depth: 0, stencil: 0, acc: 0000, samples: 5/1
display  D   display_settings.c:388  _al_score_display_settings       [   0.69391] Single Buffer requirement not met.
display  D   display_settings.c:202  debug_display_settings           [   0.69395] color: 32 (rgba 8880), depth: 0, stencil: 0, acc: 0000, samples: 6/1
display  D   display_settings.c:388  _al_score_display_settings       [   0.69400] Single Buffer requirement not met.
display  D   display_settings.c:202  debug_display_settings           [   0.69405] color: 32 (rgba 8880), depth: 0, stencil: 0, acc: 0000, samples: 7/1
display  D   display_settings.c:388  _al_score_display_settings       [   0.69411] Single Buffer requirement not met.
display  D   display_settings.c:202  debug_display_settings           [   0.69415] color: 32 (rgba 8880), depth: 0, stencil: 0, acc: 0000, samples: 8/1
display  D   display_settings.c:388  _al_score_display_settings       [   0.69421] Single Buffer requirement not met.
display  D   display_settings.c:202  debug_display_settings           [   0.69425] color: 32 (rgba 8880), depth: 24, stencil: 8, acc: 0000, samples: 0/0
display  D   display_settings.c:388  _al_score_display_settings       [   0.69432] Single Buffer requirement not met.
display  D   display_settings.c:202  debug_display_settings           [   0.69436] color: 32 (rgba 8880), depth: 24, stencil: 8, acc: 0000, samples: 0/0
display  D   display_settings.c:388  _al_score_display_settings       [   0.69442] Single Buffer requirement not met.
display  D   display_settings.c:202  debug_display_settings           [   0.69447] color: 32 (rgba 8880), depth: 24, stencil: 8, acc: 0000, samples: 2/1
display  D   display_settings.c:388  _al_score_display_settings       [   0.69452] Single Buffer requirement not met.
display  D   display_settings.c:202  debug_display_settings           [   0.69457] color: 32 (rgba 8880), depth: 24, stencil: 8, acc: 0000, samples: 3/1
display  D   display_settings.c:388  _al_score_display_settings       [   0.69463] Single Buffer requirement not met.
display  D   display_settings.c:202  debug_display_settings           [   0.69467] color: 32 (rgba 8880), depth: 24, stencil: 8, acc: 0000, samples: 4/1
display  D   display_settings.c:388  _al_score_display_settings       [   0.69473] Single Buffer requirement not met.
display  D   display_settings.c:202  debug_display_settings           [   0.69478] color: 32 (rgba 8880), depth: 24, stencil: 8, acc: 0000, samples: 5/1
display  D   display_settings.c:388  _al_score_display_settings       [   0.69484] Single Buffer requirement not met.
display  D   display_settings.c:202  debug_display_settings           [   0.69488] color: 32 (rgba 8880), depth: 24, stencil: 8, acc: 0000, samples: 6/1
display  D   display_settings.c:388  _al_score_display_settings       [   0.69494] Single Buffer requirement not met.
display  D   display_settings.c:202  debug_display_settings           [   0.69499] color: 32 (rgba 8880), depth: 24, stencil: 8, acc: 0000, samples: 7/1
display  D   display_settings.c:388  _al_score_display_settings       [   0.69504] Single Buffer requirement not met.
display  D   display_settings.c:202  debug_display_settings           [   0.69508] color: 32 (rgba 8880), depth: 24, stencil: 8, acc: 0000, samples: 8/1
display  D   display_settings.c:388  _al_score_display_settings       [   0.69513] Single Buffer requirement not met.
display  D   display_settings.c:202  debug_display_settings           [   0.69517] color: 32 (rgba 8880), depth: 24, stencil: 0, acc: 0000, samples: 0/0
display  D   display_settings.c:388  _al_score_display_settings       [   0.69523] Single Buffer requirement not met.
display  D   display_settings.c:202  debug_display_settings           [   0.69528] color: 32 (rgba 8880), depth: 24, stencil: 0, acc: 0000, samples: 0/0
display  D   display_settings.c:388  _al_score_display_settings       [   0.69533] Single Buffer requirement not met.
display  D   display_settings.c:202  debug_display_settings           [   0.69537] color: 32 (rgba 8880), depth: 24, stencil: 0, acc: 0000, samples: 2/1
display  D   display_settings.c:388  _al_score_display_settings       [   0.69542] Single Buffer requirement not met.
display  D   display_settings.c:202  debug_display_settings           [   0.69546] color: 32 (rgba 8880), depth: 24, stencil: 0, acc: 0000, samples: 3/1
display  D   display_settings.c:388  _al_score_display_settings       [   0.69551] Single Buffer requirement not met.
display  D   display_settings.c:202  debug_display_settings           [   0.69555] color: 32 (rgba 8880), depth: 24, stencil: 0, acc: 0000, samples: 4/1
display  D   display_settings.c:388  _al_score_display_settings       [   0.69560] Single Buffer requirement not met.
display  D   display_settings.c:202  debug_display_settings           [   0.69564] color: 32 (rgba 8880), depth: 24, stencil: 0, acc: 0000, samples: 5/1
display  D   display_settings.c:388  _al_score_display_settings       [   0.69569] Single Buffer requirement not met.
display  D   display_settings.c:202  debug_display_settings           [   0.69573] color: 32 (rgba 8880), depth: 24, stencil: 0, acc: 0000, samples: 6/1
display  D   display_settings.c:388  _al_score_display_settings       [   0.69584] Single Buffer requirement not met.
display  D   display_settings.c:202  debug_display_settings           [   0.69593] color: 32 (rgba 8880), depth: 24, stencil: 0, acc: 0000, samples: 7/1
display  D   display_settings.c:388  _al_score_display_settings       [   0.69598] Single Buffer requirement not met.
display  D   display_settings.c:202  debug_display_settings           [   0.69603] color: 32 (rgba 8880), depth: 24, stencil: 0, acc: 0000, samples: 8/1
display  D   display_settings.c:388  _al_score_display_settings       [   0.69608] Single Buffer requirement not met.
display  D   display_settings.c:202  debug_display_settings           [   0.69612] color: 32 (rgba 8880), depth: 16, stencil: 0, acc: 0000, samples: 0/0
display  D   display_settings.c:388  _al_score_display_settings       [   0.69617] Single Buffer requirement not met.
display  D   display_settings.c:202  debug_display_settings           [   0.69621] color: 32 (rgba 8880), depth: 16, stencil: 0, acc: 0000, samples: 0/0
display  D   display_settings.c:388  _al_score_display_settings       [   0.69627] Single Buffer requirement not met.
display  D   display_settings.c:202  debug_display_settings           [   0.69631] color: 32 (rgba 8880), depth: 16, stencil: 0, acc: 0000, samples: 2/1
display  D   display_settings.c:388  _al_score_display_settings       [   0.69636] Single Buffer requirement not met.
display  D   display_settings.c:202  debug_display_settings           [   0.69640] color: 32 (rgba 8880), depth: 16, stencil: 0, acc: 0000, samples: 3/1
display  D   display_settings.c:388  _al_score_display_settings       [   0.69645] Single Buffer requirement not met.
display  D   display_settings.c:202  debug_display_settings           [   0.69649] color: 32 (rgba 8880), depth: 16, stencil: 0, acc: 0000, samples: 4/1
display  D   display_settings.c:388  _al_score_display_settings       [   0.69654] Single Buffer requirement not met.
display  D   display_settings.c:202  debug_display_settings           [   0.69658] color: 32 (rgba 8880), depth: 16, stencil: 0, acc: 0000, samples: 5/1
display  D   display_settings.c:388  _al_score_display_settings       [   0.69663] Single Buffer requirement not met.
display  D   display_settings.c:202  debug_display_settings           [   0.69678] color: 32 (rgba 8880), depth: 16, stencil: 0, acc: 0000, samples: 6/1
display  D   display_settings.c:388  _al_score_display_settings       [   0.69684] Single Buffer requirement not met.
display  D   display_settings.c:202  debug_display_settings           [   0.69689] color: 32 (rgba 8880), depth: 16, stencil: 0, acc: 0000, samples: 7/1
display  D   display_settings.c:388  _al_score_display_settings       [   0.69695] Single Buffer requirement not met.
display  D   display_settings.c:202  debug_display_settings           [   0.69699] color: 32 (rgba 8880), depth: 16, stencil: 0, acc: 0000, samples: 8/1
display  D   display_settings.c:388  _al_score_display_settings       [   0.69704] Single Buffer requirement not met.
display  D   display_settings.c:202  debug_display_settings           [   0.69708] color: 16 (rgba 5650), depth: 0, stencil: 0, acc: 0000, samples: 0/0
display  D   display_settings.c:388  _al_score_display_settings       [   0.69719] Single Buffer requirement not met.
display  D   display_settings.c:202  debug_display_settings           [   0.69723] color: 16 (rgba 5650), depth: 0, stencil: 0, acc: 0000, samples: 0/0
display  D   display_settings.c:388  _al_score_display_settings       [   0.69728] Single Buffer requirement not met.
display  D   display_settings.c:202  debug_display_settings           [   0.69732] color: 16 (rgba 5650), depth: 0, stencil: 0, acc: 0000, samples: 2/1
display  D   display_settings.c:388  _al_score_display_settings       [   0.69737] Single Buffer requirement not met.
display  D   display_settings.c:202  debug_display_settings           [   0.69741] color: 16 (rgba 5650), depth: 0, stencil: 0, acc: 0000, samples: 3/1
display  D   display_settings.c:388  _al_score_display_settings       [   0.69746] Single Buffer requirement not met.
display  D   display_settings.c:202  debug_display_settings           [   0.69750] color: 16 (rgba 5650), depth: 0, stencil: 0, acc: 0000, samples: 4/1
display  D   display_settings.c:388  _al_score_display_settings       [   0.69755] Single Buffer requirement not met.
display  D   display_settings.c:202  debug_display_settings           [   0.69759] color: 16 (rgba 5650), depth: 0, stencil: 0, acc: 0000, samples: 5/1
display  D   display_settings.c:388  _al_score_display_settings       [   0.69764] Single Buffer requirement not met.
display  D   display_settings.c:202  debug_display_settings           [   0.69768] color: 16 (rgba 5650), depth: 0, stencil: 0, acc: 0000, samples: 6/1
display  D   display_settings.c:388  _al_score_display_settings       [   0.69774] Single Buffer requirement not met.
display  D   display_settings.c:202  debug_display_settings           [   0.69790] color: 16 (rgba 5650), depth: 0, stencil: 0, acc: 0000, samples: 7/1
display  D   display_settings.c:388  _al_score_display_settings       [   0.69795] Single Buffer requirement not met.
display  D   display_settings.c:202  debug_display_settings           [   0.69799] color: 16 (rgba 5650), depth: 0, stencil: 0, acc: 0000, samples: 8/1
display  D   display_settings.c:388  _al_score_display_settings       [   0.69804] Single Buffer requirement not met.
display  D   display_settings.c:202  debug_display_settings           [   0.69808] color: 16 (rgba 5650), depth: 24, stencil: 8, acc: 0000, samples: 0/0
display  D   display_settings.c:388  _al_score_display_settings       [   0.69813] Single Buffer requirement not met.
display  D   display_settings.c:202  debug_display_settings           [   0.69817] color: 16 (rgba 5650), depth: 24, stencil: 8, acc: 0000, samples: 0/0
display  D   display_settings.c:388  _al_score_display_settings       [   0.69822] Single Buffer requirement not met.
display  D   display_settings.c:202  debug_display_settings           [   0.69830] color: 16 (rgba 5650), depth: 24, stencil: 8, acc: 0000, samples: 2/1
display  D   display_settings.c:388  _al_score_display_settings       [   0.69840] Single Buffer requirement not met.
display  D   display_settings.c:202  debug_display_settings           [   0.69845] color: 16 (rgba 5650), depth: 24, stencil: 8, acc: 0000, samples: 3/1
display  D   display_settings.c:388  _al_score_display_settings       [   0.69849] Single Buffer requirement not met.
display  D   display_settings.c:202  debug_display_settings           [   0.69864] color: 16 (rgba 5650), depth: 24, stencil: 8, acc: 0000, samples: 4/1
display  D   display_settings.c:388  _al_score_display_settings       [   0.69869] Single Buffer requirement not met.
display  D   display_settings.c:202  debug_display_settings           [   0.69873] color: 16 (rgba 5650), depth: 24, stencil: 8, acc: 0000, samples: 5/1
display  D   display_settings.c:388  _al_score_display_settings       [   0.69878] Single Buffer requirement not met.
display  D   display_settings.c:202  debug_display_settings           [   0.69882] color: 16 (rgba 5650), depth: 24, stencil: 8, acc: 0000, samples: 6/1
display  D   display_settings.c:388  _al_score_display_settings       [   0.69887] Single Buffer requirement not met.
display  D   display_settings.c:202  debug_display_settings           [   0.69891] color: 16 (rgba 5650), depth: 24, stencil: 8, acc: 0000, samples: 7/1
display  D   display_settings.c:388  _al_score_display_settings       [   0.69895] Single Buffer requirement not met.
display  D   display_settings.c:202  debug_display_settings           [   0.69899] color: 16 (rgba 5650), depth: 24, stencil: 8, acc: 0000, samples: 8/1
display  D   display_settings.c:388  _al_score_display_settings       [   0.69904] Single Buffer requirement not met.
display  D   display_settings.c:202  debug_display_settings           [   0.69908] color: 16 (rgba 5650), depth: 24, stencil: 0, acc: 0000, samples: 0/0
display  D   display_settings.c:388  _al_score_display_settings       [   0.69913] Single Buffer requirement not met.
display  D   display_settings.c:202  debug_display_settings           [   0.69917] color: 16 (rgba 5650), depth: 24, stencil: 0, acc: 0000, samples: 0/0
display  D   display_settings.c:388  _al_score_display_settings       [   0.69922] Single Buffer requirement not met.
display  D   display_settings.c:202  debug_display_settings           [   0.69926] color: 16 (rgba 5650), depth: 24, stencil: 0, acc: 0000, samples: 2/1
display  D   display_settings.c:388  _al_score_display_settings       [   0.69931] Single Buffer requirement not met.
display  D   display_settings.c:202  debug_display_settings           [   0.69935] color: 16 (rgba 5650), depth: 24, stencil: 0, acc: 0000, samples: 3/1
display  D   display_settings.c:388  _al_score_display_settings       [   0.69939] Single Buffer requirement not met.
display  D   display_settings.c:202  debug_display_settings           [   0.69943] color: 16 (rgba 5650), depth: 24, stencil: 0, acc: 0000, samples: 4/1
display  D   display_settings.c:388  _al_score_display_settings       [   0.69948] Single Buffer requirement not met.
display  D   display_settings.c:202  debug_display_settings           [   0.69952] color: 16 (rgba 5650), depth: 24, stencil: 0, acc: 0000, samples: 5/1
display  D   display_settings.c:388  _al_score_display_settings       [   0.69956] Single Buffer requirement not met.
display  D   display_settings.c:202  debug_display_settings           [   0.69960] color: 16 (rgba 5650), depth: 24, stencil: 0, acc: 0000, samples: 6/1
display  D   display_settings.c:388  _al_score_display_settings       [   0.69965] Single Buffer requirement not met.
display  D   display_settings.c:202  debug_display_settings           [   0.69969] color: 16 (rgba 5650), depth: 24, stencil: 0, acc: 0000, samples: 7/1
display  D   display_settings.c:388  _al_score_display_settings       [   0.69973] Single Buffer requirement not met.
display  D   display_settings.c:202  debug_display_settings           [   0.69977] color: 16 (rgba 5650), depth: 24, stencil: 0, acc: 0000, samples: 8/1
display  D   display_settings.c:388  _al_score_display_settings       [   0.69982] Single Buffer requirement not met.
display  D   display_settings.c:202  debug_display_settings           [   0.69986] color: 16 (rgba 5650), depth: 16, stencil: 0, acc: 0000, samples: 0/0
display  D   display_settings.c:388  _al_score_display_settings       [   0.69991] Single Buffer requirement not met.
display  D   display_settings.c:202  debug_display_settings           [   0.69995] color: 16 (rgba 5650), depth: 16, stencil: 0, acc: 0000, samples: 0/0
display  D   display_settings.c:388  _al_score_display_settings       [   0.70000] Single Buffer requirement not met.
display  D   display_settings.c:202  debug_display_settings           [   0.70004] color: 16 (rgba 5650), depth: 16, stencil: 0, acc: 0000, samples: 2/1
display  D   display_settings.c:388  _al_score_display_settings       [   0.70009] Single Buffer requirement not met.
display  D   display_settings.c:202  debug_display_settings           [   0.70013] color: 16 (rgba 5650), depth: 16, stencil: 0, acc: 0000, samples: 3/1
display  D   display_settings.c:388  _al_score_display_settings       [   0.70017] Single Buffer requirement not met.
display  D   display_settings.c:202  debug_display_settings           [   0.70021] color: 16 (rgba 5650), depth: 16, stencil: 0, acc: 0000, samples: 4/1
display  D   display_settings.c:388  _al_score_display_settings       [   0.70026] Single Buffer requirement not met.
display  D   display_settings.c:202  debug_display_settings           [   0.70030] color: 16 (rgba 5650), depth: 16, stencil: 0, acc: 0000, samples: 5/1
display  D   display_settings.c:388  _al_score_display_settings       [   0.70035] Single Buffer requirement not met.
display  D   display_settings.c:202  debug_display_settings           [   0.70038] color: 16 (rgba 5650), depth: 16, stencil: 0, acc: 0000, samples: 6/1
display  D   display_settings.c:388  _al_score_display_settings       [   0.70043] Single Buffer requirement not met.
display  D   display_settings.c:202  debug_display_settings           [   0.70047] color: 16 (rgba 5650), depth: 16, stencil: 0, acc: 0000, samples: 7/1
display  D   display_settings.c:388  _al_score_display_settings       [   0.70052] Single Buffer requirement not met.
display  D   display_settings.c:202  debug_display_settings           [   0.70055] color: 16 (rgba 5650), depth: 16, stencil: 0, acc: 0000, samples: 8/1
display  D   display_settings.c:388  _al_score_display_settings       [   0.70060] Single Buffer requirement not met.
display  D   display_settings.c:202  debug_display_settings           [   0.70064] color: 32 (rgba 8880), depth: 0, stencil: 0, acc: 0000, samples: 0/0
display  D   display_settings.c:517  _al_score_display_settings       [   0.70069] Score is : 769
display  D   display_settings.c:202  debug_display_settings           [   0.70072] color: 32 (rgba 8880), depth: 0, stencil: 0, acc: 0000, samples: 0/0
display  D   display_settings.c:517  _al_score_display_settings       [   0.70077] Score is : 769
display  D   display_settings.c:202  debug_display_settings           [   0.70081] color: 32 (rgba 8880), depth: 0, stencil: 0, acc: 0000, samples: 2/1
display  D   display_settings.c:517  _al_score_display_settings       [   0.70086] Score is : 598
display  D   display_settings.c:202  debug_display_settings           [   0.70089] color: 32 (rgba 8880), depth: 0, stencil: 0, acc: 0000, samples: 3/1
display  D   display_settings.c:517  _al_score_display_settings       [   0.70094] Score is : 593
display  D   display_settings.c:202  debug_display_settings           [   0.70098] color: 32 (rgba 8880), depth: 0, stencil: 0, acc: 0000, samples: 4/1
display  D   display_settings.c:517  _al_score_display_settings       [   0.70102] Score is : 589
display  D   display_settings.c:202  debug_display_settings           [   0.70106] color: 32 (rgba 8880), depth: 0, stencil: 0, acc: 0000, samples: 5/1
display  D   display_settings.c:517  _al_score_display_settings       [   0.70110] Score is : 587
display  D   display_settings.c:202  debug_display_settings           [   0.70114] color: 32 (rgba 8880), depth: 0, stencil: 0, acc: 0000, samples: 6/1
display  D   display_settings.c:517  _al_score_display_settings       [   0.70119] Score is : 586
display  D   display_settings.c:202  debug_display_settings           [   0.70122] color: 32 (rgba 8880), depth: 0, stencil: 0, acc: 0000, samples: 7/1
display  D   display_settings.c:517  _al_score_display_settings       [   0.70128] Score is : 585
display  D   display_settings.c:202  debug_display_settings           [   0.70132] color: 32 (rgba 8880), depth: 0, stencil: 0, acc: 0000, samples: 8/1
display  D   display_settings.c:517  _al_score_display_settings       [   0.70136] Score is : 584
display  D   display_settings.c:202  debug_display_settings           [   0.70140] color: 32 (rgba 8880), depth: 24, stencil: 8, acc: 0000, samples: 0/0
display  D   display_settings.c:517  _al_score_display_settings       [   0.70145] Score is : 769
display  D   display_settings.c:202  debug_display_settings           [   0.70148] color: 32 (rgba 8880), depth: 24, stencil: 8, acc: 0000, samples: 0/0
display  D   display_settings.c:517  _al_score_display_settings       [   0.70153] Score is : 769
display  D   display_settings.c:202  debug_display_settings           [   0.70157] color: 32 (rgba 8880), depth: 24, stencil: 8, acc: 0000, samples: 2/1
display  D   display_settings.c:517  _al_score_display_settings       [   0.70161] Score is : 598
display  D   display_settings.c:202  debug_display_settings           [   0.70165] color: 32 (rgba 8880), depth: 24, stencil: 8, acc: 0000, samples: 3/1
display  D   display_settings.c:517  _al_score_display_settings       [   0.70169] Score is : 593
display  D   display_settings.c:202  debug_display_settings           [   0.70173] color: 32 (rgba 8880), depth: 24, stencil: 8, acc: 0000, samples: 4/1
display  D   display_settings.c:517  _al_score_display_settings       [   0.70178] Score is : 589
display  D   display_settings.c:202  debug_display_settings           [   0.70182] color: 32 (rgba 8880), depth: 24, stencil: 8, acc: 0000, samples: 5/1
display  D   display_settings.c:517  _al_score_display_settings       [   0.70186] Score is : 587
display  D   display_settings.c:202  debug_display_settings           [   0.70190] color: 32 (rgba 8880), depth: 24, stencil: 8, acc: 0000, samples: 6/1
display  D   display_settings.c:517  _al_score_display_settings       [   0.70195] Score is : 586
display  D   display_settings.c:202  debug_display_settings           [   0.70198] color: 32 (rgba 8880), depth: 24, stencil: 8, acc: 0000, samples: 7/1
display  D   display_settings.c:517  _al_score_display_settings       [   0.70203] Score is : 585
display  D   display_settings.c:202  debug_display_settings           [   0.70207] color: 32 (rgba 8880), depth: 24, stencil: 8, acc: 0000, samples: 8/1
display  D   display_settings.c:517  _al_score_display_settings       [   0.70211] Score is : 584
display  D   display_settings.c:202  debug_display_settings           [   0.70215] color: 32 (rgba 8880), depth: 24, stencil: 0, acc: 0000, samples: 0/0
display  D   display_settings.c:517  _al_score_display_settings       [   0.70220] Score is : 769
display  D   display_settings.c:202  debug_display_settings           [   0.70223] color: 32 (rgba 8880), depth: 24, stencil: 0, acc: 0000, samples: 0/0
display  D   display_settings.c:517  _al_score_display_settings       [   0.70228] Score is : 769
display  D   display_settings.c:202  debug_display_settings           [   0.70232] color: 32 (rgba 8880), depth: 24, stencil: 0, acc: 0000, samples: 2/1
display  D   display_settings.c:517  _al_score_display_settings       [   0.70237] Score is : 598
display  D   display_settings.c:202  debug_display_settings           [   0.70240] color: 32 (rgba 8880), depth: 24, stencil: 0, acc: 0000, samples: 3/1
display  D   display_settings.c:517  _al_score_display_settings       [   0.70245] Score is : 593
display  D   display_settings.c:202  debug_display_settings           [   0.70248] color: 32 (rgba 8880), depth: 24, stencil: 0, acc: 0000, samples: 4/1
display  D   display_settings.c:517  _al_score_display_settings       [   0.70253] Score is : 589
display  D   display_settings.c:202  debug_display_settings           [   0.70257] color: 32 (rgba 8880), depth: 24, stencil: 0, acc: 0000, samples: 5/1
display  D   display_settings.c:517  _al_score_display_settings       [   0.70261] Score is : 587
display  D   display_settings.c:202  debug_display_settings           [   0.70265] color: 32 (rgba 8880), depth: 24, stencil: 0, acc: 0000, samples: 6/1
display  D   display_settings.c:517  _al_score_display_settings       [   0.70270] Score is : 586
display  D   display_settings.c:202  debug_display_settings           [   0.70274] color: 32 (rgba 8880), depth: 24, stencil: 0, acc: 0000, samples: 7/1
display  D   display_settings.c:517  _al_score_display_settings       [   0.70279] Score is : 585
display  D   display_settings.c:202  debug_display_settings           [   0.70283] color: 32 (rgba 8880), depth: 24, stencil: 0, acc: 0000, samples: 8/1
display  D   display_settings.c:517  _al_score_display_settings       [   0.70287] Score is : 584
display  D   display_settings.c:202  debug_display_settings           [   0.70291] color: 32 (rgba 8880), depth: 16, stencil: 0, acc: 0000, samples: 0/0
display  D   display_settings.c:517  _al_score_display_settings       [   0.70296] Score is : 769
display  D   display_settings.c:202  debug_display_settings           [   0.70299] color: 32 (rgba 8880), depth: 16, stencil: 0, acc: 0000, samples: 0/0
display  D   display_settings.c:517  _al_score_display_settings       [   0.70304] Score is : 769
display  D   display_settings.c:202  debug_display_settings           [   0.70308] color: 32 (rgba 8880), depth: 16, stencil: 0, acc: 0000, samples: 2/1
display  D   display_settings.c:517  _al_score_display_settings       [   0.70312] Score is : 598
display  D   display_settings.c:202  debug_display_settings           [   0.70316] color: 32 (rgba 8880), depth: 16, stencil: 0, acc: 0000, samples: 3/1
display  D   display_settings.c:517  _al_score_display_settings       [   0.70321] Score is : 593
display  D   display_settings.c:202  debug_display_settings           [   0.70324] color: 32 (rgba 8880), depth: 16, stencil: 0, acc: 0000, samples: 4/1
display  D   display_settings.c:517  _al_score_display_settings       [   0.70329] Score is : 589
display  D   display_settings.c:202  debug_display_settings           [   0.70333] color: 32 (rgba 8880), depth: 16, stencil: 0, acc: 0000, samples: 5/1
display  D   display_settings.c:517  _al_score_display_settings       [   0.70337] Score is : 587
display  D   display_settings.c:202  debug_display_settings           [   0.70341] color: 32 (rgba 8880), depth: 16, stencil: 0, acc: 0000, samples: 6/1
display  D   display_settings.c:517  _al_score_display_settings       [   0.70346] Score is : 586
display  D   display_settings.c:202  debug_display_settings           [   0.70349] color: 32 (rgba 8880), depth: 16, stencil: 0, acc: 0000, samples: 7/1
display  D   display_settings.c:517  _al_score_display_settings       [   0.70354] Score is : 585
display  D   display_settings.c:202  debug_display_settings           [   0.70357] color: 32 (rgba 8880), depth: 16, stencil: 0, acc: 0000, samples: 8/1
display  D   display_settings.c:517  _al_score_display_settings       [   0.70362] Score is : 584
display  D   display_settings.c:202  debug_display_settings           [   0.70367] color: 16 (rgba 5650), depth: 0, stencil: 0, acc: 0000, samples: 0/0
display  D   display_settings.c:517  _al_score_display_settings       [   0.70373] Score is : 769
display  D   display_settings.c:202  debug_display_settings           [   0.70379] color: 16 (rgba 5650), depth: 0, stencil: 0, acc: 0000, samples: 0/0
display  D   display_settings.c:517  _al_score_display_settings       [   0.70385] Score is : 769
display  D   display_settings.c:202  debug_display_settings           [   0.70390] color: 16 (rgba 5650), depth: 0, stencil: 0, acc: 0000, samples: 2/1
display  D   display_settings.c:517  _al_score_display_settings       [   0.70395] Score is : 598
display  D   display_settings.c:202  debug_display_settings           [   0.70399] color: 16 (rgba 5650), depth: 0, stencil: 0, acc: 0000, samples: 3/1
display  D   display_settings.c:517  _al_score_display_settings       [   0.70404] Score is : 593
display  D   display_settings.c:202  debug_display_settings           [   0.70408] color: 16 (rgba 5650), depth: 0, stencil: 0, acc: 0000, samples: 4/1
display  D   display_settings.c:517  _al_score_display_settings       [   0.70414] Score is : 589
display  D   display_settings.c:202  debug_display_settings           [   0.70418] color: 16 (rgba 5650), depth: 0, stencil: 0, acc: 0000, samples: 5/1
display  D   display_settings.c:517  _al_score_display_settings       [   0.70422] Score is : 587
display  D   display_settings.c:202  debug_display_settings           [   0.70426] color: 16 (rgba 5650), depth: 0, stencil: 0, acc: 0000, samples: 6/1
display  D   display_settings.c:517  _al_score_display_settings       [   0.70431] Score is : 586
display  D   display_settings.c:202  debug_display_settings           [   0.70434] color: 16 (rgba 5650), depth: 0, stencil: 0, acc: 0000, samples: 7/1
display  D   display_settings.c:517  _al_score_display_settings       [   0.70438] Score is : 585
display  D   display_settings.c:202  debug_display_settings           [   0.70441] color: 16 (rgba 5650), depth: 0, stencil: 0, acc: 0000, samples: 8/1
display  D   display_settings.c:517  _al_score_display_settings       [   0.70446] Score is : 584
display  D   display_settings.c:202  debug_display_settings           [   0.70449] color: 16 (rgba 5650), depth: 24, stencil: 8, acc: 0000, samples: 0/0
display  D   display_settings.c:517  _al_score_display_settings       [   0.70453] Score is : 769
display  D   display_settings.c:202  debug_display_settings           [   0.70456] color: 16 (rgba 5650), depth: 24, stencil: 8, acc: 0000, samples: 0/0
display  D   display_settings.c:517  _al_score_display_settings       [   0.70461] Score is : 769
display  D   display_settings.c:202  debug_display_settings           [   0.70464] color: 16 (rgba 5650), depth: 24, stencil: 8, acc: 0000, samples: 2/1
display  D   display_settings.c:517  _al_score_display_settings       [   0.70468] Score is : 598
display  D   display_settings.c:202  debug_display_settings           [   0.70472] color: 16 (rgba 5650), depth: 24, stencil: 8, acc: 0000, samples: 3/1
display  D   display_settings.c:517  _al_score_display_settings       [   0.70476] Score is : 593
display  D   display_settings.c:202  debug_display_settings           [   0.70480] color: 16 (rgba 5650), depth: 24, stencil: 8, acc: 0000, samples: 4/1
display  D   display_settings.c:517  _al_score_display_settings       [   0.70484] Score is : 589
display  D   display_settings.c:202  debug_display_settings           [   0.70488] color: 16 (rgba 5650), depth: 24, stencil: 8, acc: 0000, samples: 5/1
display  D   display_settings.c:517  _al_score_display_settings       [   0.70492] Score is : 587
display  D   display_settings.c:202  debug_display_settings           [   0.70495] color: 16 (rgba 5650), depth: 24, stencil: 8, acc: 0000, samples: 6/1
display  D   display_settings.c:517  _al_score_display_settings       [   0.70499] Score is : 586
display  D   display_settings.c:202  debug_display_settings           [   0.70503] color: 16 (rgba 5650), depth: 24, stencil: 8, acc: 0000, samples: 7/1
display  D   display_settings.c:517  _al_score_display_settings       [   0.70507] Score is : 585
display  D   display_settings.c:202  debug_display_settings           [   0.70510] color: 16 (rgba 5650), depth: 24, stencil: 8, acc: 0000, samples: 8/1
display  D   display_settings.c:517  _al_score_display_settings       [   0.70515] Score is : 584
display  D   display_settings.c:202  debug_display_settings           [   0.70518] color: 16 (rgba 5650), depth: 24, stencil: 0, acc: 0000, samples: 0/0
display  D   display_settings.c:517  _al_score_display_settings       [   0.70522] Score is : 769
display  D   display_settings.c:202  debug_display_settings           [   0.70525] color: 16 (rgba 5650), depth: 24, stencil: 0, acc: 0000, samples: 0/0
display  D   display_settings.c:517  _al_score_display_settings       [   0.70530] Score is : 769
display  D   display_settings.c:202  debug_display_settings           [   0.70533] color: 16 (rgba 5650), depth: 24, stencil: 0, acc: 0000, samples: 2/1
display  D   display_settings.c:517  _al_score_display_settings       [   0.70538] Score is : 598
display  D   display_settings.c:202  debug_display_settings           [   0.70541] color: 16 (rgba 5650), depth: 24, stencil: 0, acc: 0000, samples: 3/1
display  D   display_settings.c:517  _al_score_display_settings       [   0.70546] Score is : 593
display  D   display_settings.c:202  debug_display_settings           [   0.70549] color: 16 (rgba 5650), depth: 24, stencil: 0, acc: 0000, samples: 4/1
display  D   display_settings.c:517  _al_score_display_settings       [   0.70553] Score is : 589
display  D   display_settings.c:202  debug_display_settings           [   0.70556] color: 16 (rgba 5650), depth: 24, stencil: 0, acc: 0000, samples: 5/1
display  D   display_settings.c:517  _al_score_display_settings       [   0.70561] Score is : 587
display  D   display_settings.c:202  debug_display_settings           [   0.70564] color: 16 (rgba 5650), depth: 24, stencil: 0, acc: 0000, samples: 6/1
display  D   display_settings.c:517  _al_score_display_settings       [   0.70568] Score is : 586
display  D   display_settings.c:202  debug_display_settings           [   0.70571] color: 16 (rgba 5650), depth: 24, stencil: 0, acc: 0000, samples: 7/1
display  D   display_settings.c:517  _al_score_display_settings       [   0.70576] Score is : 585
display  D   display_settings.c:202  debug_display_settings           [   0.70580] color: 16 (rgba 5650), depth: 24, stencil: 0, acc: 0000, samples: 8/1
display  D   display_settings.c:517  _al_score_display_settings       [   0.70584] Score is : 584
display  D   display_settings.c:202  debug_display_settings           [   0.70587] color: 16 (rgba 5650), depth: 16, stencil: 0, acc: 0000, samples: 0/0
display  D   display_settings.c:517  _al_score_display_settings       [   0.70591] Score is : 769
display  D   display_settings.c:202  debug_display_settings           [   0.70595] color: 16 (rgba 5650), depth: 16, stencil: 0, acc: 0000, samples: 0/0
display  D   display_settings.c:517  _al_score_display_settings       [   0.70599] Score is : 769
display  D   display_settings.c:202  debug_display_settings           [   0.70602] color: 16 (rgba 5650), depth: 16, stencil: 0, acc: 0000, samples: 2/1
display  D   display_settings.c:517  _al_score_display_settings       [   0.70607] Score is : 598
display  D   display_settings.c:202  debug_display_settings           [   0.70610] color: 16 (rgba 5650), depth: 16, stencil: 0, acc: 0000, samples: 3/1
display  D   display_settings.c:517  _al_score_display_settings       [   0.70614] Score is : 593
display  D   display_settings.c:202  debug_display_settings           [   0.70617] color: 16 (rgba 5650), depth: 16, stencil: 0, acc: 0000, samples: 4/1
display  D   display_settings.c:517  _al_score_display_settings       [   0.70622] Score is : 589
display  D   display_settings.c:202  debug_display_settings           [   0.70625] color: 16 (rgba 5650), depth: 16, stencil: 0, acc: 0000, samples: 5/1
display  D   display_settings.c:517  _al_score_display_settings       [   0.70630] Score is : 587
display  D   display_settings.c:202  debug_display_settings           [   0.70634] color: 16 (rgba 5650), depth: 16, stencil: 0, acc: 0000, samples: 6/1
display  D   display_settings.c:517  _al_score_display_settings       [   0.70640] Score is : 586
display  D   display_settings.c:202  debug_display_settings           [   0.70644] color: 16 (rgba 5650), depth: 16, stencil: 0, acc: 0000, samples: 7/1
display  D   display_settings.c:517  _al_score_display_settings       [   0.70649] Score is : 585
display  D   display_settings.c:202  debug_display_settings           [   0.70653] color: 16 (rgba 5650), depth: 16, stencil: 0, acc: 0000, samples: 8/1
display  D   display_settings.c:517  _al_score_display_settings       [   0.70658] Score is : 584
display  D   display_settings.c:202  debug_display_settings           [   0.70662] color: 32 (rgba 8880), depth: 0, stencil: 0, acc: 0000, samples: 0/0
display  D   display_settings.c:388  _al_score_display_settings       [   0.70668] Single Buffer requirement not met.
display  D   display_settings.c:202  debug_display_settings           [   0.70672] color: 32 (rgba 8880), depth: 0, stencil: 0, acc: 0000, samples: 0/0
display  D   display_settings.c:388  _al_score_display_settings       [   0.70678] Single Buffer requirement not met.
display  D   display_settings.c:202  debug_display_settings           [   0.70682] color: 32 (rgba 8880), depth: 0, stencil: 0, acc: 0000, samples: 2/1
display  D   display_settings.c:388  _al_score_display_settings       [   0.70688] Single Buffer requirement not met.
display  D   display_settings.c:202  debug_display_settings           [   0.70692] color: 32 (rgba 8880), depth: 0, stencil: 0, acc: 0000, samples: 3/1
display  D   display_settings.c:388  _al_score_display_settings       [   0.70697] Single Buffer requirement not met.
display  D   display_settings.c:202  debug_display_settings           [   0.70701] color: 32 (rgba 8880), depth: 0, stencil: 0, acc: 0000, samples: 4/1
display  D   display_settings.c:388  _al_score_display_settings       [   0.70707] Single Buffer requirement not met.
display  D   display_settings.c:202  debug_display_settings           [   0.70711] color: 32 (rgba 8880), depth: 0, stencil: 0, acc: 0000, samples: 5/1
display  D   display_settings.c:388  _al_score_display_settings       [   0.70717] Single Buffer requirement not met.
display  D   display_settings.c:202  debug_display_settings           [   0.70721] color: 32 (rgba 8880), depth: 0, stencil: 0, acc: 0000, samples: 6/1
display  D   display_settings.c:388  _al_score_display_settings       [   0.70726] Single Buffer requirement not met.
display  D   display_settings.c:202  debug_display_settings           [   0.70731] color: 32 (rgba 8880), depth: 0, stencil: 0, acc: 0000, samples: 7/1
display  D   display_settings.c:388  _al_score_display_settings       [   0.70736] Single Buffer requirement not met.
display  D   display_settings.c:202  debug_display_settings           [   0.70740] color: 32 (rgba 8880), depth: 0, stencil: 0, acc: 0000, samples: 8/1
display  D   display_settings.c:388  _al_score_display_settings       [   0.70745] Single Buffer requirement not met.
display  D   display_settings.c:202  debug_display_settings           [   0.70750] color: 32 (rgba 8880), depth: 24, stencil: 8, acc: 0000, samples: 0/0
display  D   display_settings.c:388  _al_score_display_settings       [   0.70755] Single Buffer requirement not met.
display  D   display_settings.c:202  debug_display_settings           [   0.70759] color: 32 (rgba 8880), depth: 24, stencil: 8, acc: 0000, samples: 0/0
display  D   display_settings.c:388  _al_score_display_settings       [   0.70765] Single Buffer requirement not met.
display  D   display_settings.c:202  debug_display_settings           [   0.70769] color: 32 (rgba 8880), depth: 24, stencil: 8, acc: 0000, samples: 2/1
display  D   display_settings.c:388  _al_score_display_settings       [   0.70775] Single Buffer requirement not met.
display  D   display_settings.c:202  debug_display_settings           [   0.70779] color: 32 (rgba 8880), depth: 24, stencil: 8, acc: 0000, samples: 3/1
display  D   display_settings.c:388  _al_score_display_settings       [   0.70785] Single Buffer requirement not met.
display  D   display_settings.c:202  debug_display_settings           [   0.70789] color: 32 (rgba 8880), depth: 24, stencil: 8, acc: 0000, samples: 4/1
display  D   display_settings.c:388  _al_score_display_settings       [   0.70794] Single Buffer requirement not met.
display  D   display_settings.c:202  debug_display_settings           [   0.70799] color: 32 (rgba 8880), depth: 24, stencil: 8, acc: 0000, samples: 5/1
display  D   display_settings.c:388  _al_score_display_settings       [   0.70804] Single Buffer requirement not met.
display  D   display_settings.c:202  debug_display_settings           [   0.70808] color: 32 (rgba 8880), depth: 24, stencil: 8, acc: 0000, samples: 6/1
display  D   display_settings.c:388  _al_score_display_settings       [   0.70814] Single Buffer requirement not met.
display  D   display_settings.c:202  debug_display_settings           [   0.70819] color: 32 (rgba 8880), depth: 24, stencil: 8, acc: 0000, samples: 7/1
display  D   display_settings.c:388  _al_score_display_settings       [   0.70824] Single Buffer requirement not met.
display  D   display_settings.c:202  debug_display_settings           [   0.70829] color: 32 (rgba 8880), depth: 24, stencil: 8, acc: 0000, samples: 8/1
display  D   display_settings.c:388  _al_score_display_settings       [   0.70835] Single Buffer requirement not met.
display  D   display_settings.c:202  debug_display_settings           [   0.70838] color: 32 (rgba 8880), depth: 24, stencil: 0, acc: 0000, samples: 0/0
display  D   display_settings.c:388  _al_score_display_settings       [   0.70843] Single Buffer requirement not met.
display  D   display_settings.c:202  debug_display_settings           [   0.70848] color: 32 (rgba 8880), depth: 24, stencil: 0, acc: 0000, samples: 0/0
display  D   display_settings.c:388  _al_score_display_settings       [   0.70854] Single Buffer requirement not met.
display  D   display_settings.c:202  debug_display_settings           [   0.70859] color: 32 (rgba 8880), depth: 24, stencil: 0, acc: 0000, samples: 2/1
display  D   display_settings.c:388  _al_score_display_settings       [   0.70864] Single Buffer requirement not met.
display  D   display_settings.c:202  debug_display_settings           [   0.70869] color: 32 (rgba 8880), depth: 24, stencil: 0, acc: 0000, samples: 3/1
display  D   display_settings.c:388  _al_score_display_settings       [   0.70874] Single Buffer requirement not met.
display  D   display_settings.c:202  debug_display_settings           [   0.70879] color: 32 (rgba 8880), depth: 24, stencil: 0, acc: 0000, samples: 4/1
display  D   display_settings.c:388  _al_score_display_settings       [   0.70884] Single Buffer requirement not met.
display  D   display_settings.c:202  debug_display_settings           [   0.70889] color: 32 (rgba 8880), depth: 24, stencil: 0, acc: 0000, samples: 5/1
display  D   display_settings.c:388  _al_score_display_settings       [   0.70894] Single Buffer requirement not met.
display  D   display_settings.c:202  debug_display_settings           [   0.70898] color: 32 (rgba 8880), depth: 24, stencil: 0, acc: 0000, samples: 6/1
display  D   display_settings.c:388  _al_score_display_settings       [   0.70904] Single Buffer requirement not met.
display  D   display_settings.c:202  debug_display_settings           [   0.70908] color: 32 (rgba 8880), depth: 24, stencil: 0, acc: 0000, samples: 7/1
display  D   display_settings.c:388  _al_score_display_settings       [   0.70913] Single Buffer requirement not met.
display  D   display_settings.c:202  debug_display_settings           [   0.70918] color: 32 (rgba 8880), depth: 24, stencil: 0, acc: 0000, samples: 8/1
display  D   display_settings.c:388  _al_score_display_settings       [   0.70923] Single Buffer requirement not met.
display  D   display_settings.c:202  debug_display_settings           [   0.70927] color: 32 (rgba 8880), depth: 16, stencil: 0, acc: 0000, samples: 0/0
display  D   display_settings.c:388  _al_score_display_settings       [   0.70933] Single Buffer requirement not met.
display  D   display_settings.c:202  debug_display_settings           [   0.70937] color: 32 (rgba 8880), depth: 16, stencil: 0, acc: 0000, samples: 0/0
display  D   display_settings.c:388  _al_score_display_settings       [   0.70942] Single Buffer requirement not met.
display  D   display_settings.c:202  debug_display_settings           [   0.70947] color: 32 (rgba 8880), depth: 16, stencil: 0, acc: 0000, samples: 2/1
display  D   display_settings.c:388  _al_score_display_settings       [   0.70952] Single Buffer requirement not met.
display  D   display_settings.c:202  debug_display_settings           [   0.70956] color: 32 (rgba 8880), depth: 16, stencil: 0, acc: 0000, samples: 3/1
display  D   display_settings.c:388  _al_score_display_settings       [   0.70972] Single Buffer requirement not met.
display  D   display_settings.c:202  debug_display_settings           [   0.70977] color: 32 (rgba 8880), depth: 16, stencil: 0, acc: 0000, samples: 4/1
display  D   display_settings.c:388  _al_score_display_settings       [   0.70982] Single Buffer requirement not met.
display  D   display_settings.c:202  debug_display_settings           [   0.70987] color: 32 (rgba 8880), depth: 16, stencil: 0, acc: 0000, samples: 5/1
display  D   display_settings.c:388  _al_score_display_settings       [   0.70992] Single Buffer requirement not met.
display  D   display_settings.c:202  debug_display_settings           [   0.70996] color: 32 (rgba 8880), depth: 16, stencil: 0, acc: 0000, samples: 6/1
display  D   display_settings.c:388  _al_score_display_settings       [   0.71002] Single Buffer requirement not met.
display  D   display_settings.c:202  debug_display_settings           [   0.71006] color: 32 (rgba 8880), depth: 16, stencil: 0, acc: 0000, samples: 7/1
display  D   display_settings.c:388  _al_score_display_settings       [   0.71011] Single Buffer requirement not met.
display  D   display_settings.c:202  debug_display_settings           [   0.71016] color: 32 (rgba 8880), depth: 16, stencil: 0, acc: 0000, samples: 8/1
display  D   display_settings.c:388  _al_score_display_settings       [   0.71021] Single Buffer requirement not met.
display  D   display_settings.c:202  debug_display_settings           [   0.71025] color: 16 (rgba 5650), depth: 0, stencil: 0, acc: 0000, samples: 0/0
display  D   display_settings.c:388  _al_score_display_settings       [   0.71031] Single Buffer requirement not met.
display  D   display_settings.c:202  debug_display_settings           [   0.71035] color: 16 (rgba 5650), depth: 0, stencil: 0, acc: 0000, samples: 0/0
display  D   display_settings.c:388  _al_score_display_settings       [   0.71040] Single Buffer requirement not met.
display  D   display_settings.c:202  debug_display_settings           [   0.71045] color: 16 (rgba 5650), depth: 0, stencil: 0, acc: 0000, samples: 2/1
display  D   display_settings.c:388  _al_score_display_settings       [   0.71050] Single Buffer requirement not met.
display  D   display_settings.c:202  debug_display_settings           [   0.71054] color: 16 (rgba 5650), depth: 0, stencil: 0, acc: 0000, samples: 3/1
display  D   display_settings.c:388  _al_score_display_settings       [   0.71060] Single Buffer requirement not met.
display  D   display_settings.c:202  debug_display_settings           [   0.71064] color: 16 (rgba 5650), depth: 0, stencil: 0, acc: 0000, samples: 4/1
display  D   display_settings.c:388  _al_score_display_settings       [   0.71069] Single Buffer requirement not met.
display  D   display_settings.c:202  debug_display_settings           [   0.71073] color: 16 (rgba 5650), depth: 0, stencil: 0, acc: 0000, samples: 5/1
display  D   display_settings.c:388  _al_score_display_settings       [   0.71079] Single Buffer requirement not met.
display  D   display_settings.c:202  debug_display_settings           [   0.71083] color: 16 (rgba 5650), depth: 0, stencil: 0, acc: 0000, samples: 6/1
display  D   display_settings.c:388  _al_score_display_settings       [   0.71089] Single Buffer requirement not met.
display  D   display_settings.c:202  debug_display_settings           [   0.71094] color: 16 (rgba 5650), depth: 0, stencil: 0, acc: 0000, samples: 7/1
display  D   display_settings.c:388  _al_score_display_settings       [   0.71099] Single Buffer requirement not met.
display  D   display_settings.c:202  debug_display_settings           [   0.71103] color: 16 (rgba 5650), depth: 0, stencil: 0, acc: 0000, samples: 8/1
display  D   display_settings.c:388  _al_score_display_settings       [   0.71108] Single Buffer requirement not met.
display  D   display_settings.c:202  debug_display_settings           [   0.71113] color: 16 (rgba 5650), depth: 24, stencil: 8, acc: 0000, samples: 0/0
display  D   display_settings.c:388  _al_score_display_settings       [   0.71119] Single Buffer requirement not met.
display  D   display_settings.c:202  debug_display_settings           [   0.71124] color: 16 (rgba 5650), depth: 24, stencil: 8, acc: 0000, samples: 0/0
display  D   display_settings.c:388  _al_score_display_settings       [   0.71129] Single Buffer requirement not met.
display  D   display_settings.c:202  debug_display_settings           [   0.71134] color: 16 (rgba 5650), depth: 24, stencil: 8, acc: 0000, samples: 2/1
display  D   display_settings.c:388  _al_score_display_settings       [   0.71139] Single Buffer requirement not met.
display  D   display_settings.c:202  debug_display_settings           [   0.71143] color: 16 (rgba 5650), depth: 24, stencil: 8, acc: 0000, samples: 3/1
display  D   display_settings.c:388  _al_score_display_settings       [   0.71148] Single Buffer requirement not met.
display  D   display_settings.c:202  debug_display_settings           [   0.71153] color: 16 (rgba 5650), depth: 24, stencil: 8, acc: 0000, samples: 4/1
display  D   display_settings.c:388  _al_score_display_settings       [   0.71158] Single Buffer requirement not met.
display  D   display_settings.c:202  debug_display_settings           [   0.71162] color: 16 (rgba 5650), depth: 24, stencil: 8, acc: 0000, samples: 5/1
display  D   display_settings.c:388  _al_score_display_settings       [   0.71167] Single Buffer requirement not met.
display  D   display_settings.c:202  debug_display_settings           [   0.71172] color: 16 (rgba 5650), depth: 24, stencil: 8, acc: 0000, samples: 6/1
display  D   display_settings.c:388  _al_score_display_settings       [   0.71177] Single Buffer requirement not met.
display  D   display_settings.c:202  debug_display_settings           [   0.71181] color: 16 (rgba 5650), depth: 24, stencil: 8, acc: 0000, samples: 7/1
display  D   display_settings.c:388  _al_score_display_settings       [   0.71187] Single Buffer requirement not met.
display  D   display_settings.c:202  debug_display_settings           [   0.71191] color: 16 (rgba 5650), depth: 24, stencil: 8, acc: 0000, samples: 8/1
display  D   display_settings.c:388  _al_score_display_settings       [   0.71196] Single Buffer requirement not met.
display  D   display_settings.c:202  debug_display_settings           [   0.71200] color: 16 (rgba 5650), depth: 24, stencil: 0, acc: 0000, samples: 0/0
display  D   display_settings.c:388  _al_score_display_settings       [   0.71206] Single Buffer requirement not met.
display  D   display_settings.c:202  debug_display_settings           [   0.71210] color: 16 (rgba 5650), depth: 24, stencil: 0, acc: 0000, samples: 0/0
display  D   display_settings.c:388  _al_score_display_settings       [   0.71215] Single Buffer requirement not met.
display  D   display_settings.c:202  debug_display_settings           [   0.71220] color: 16 (rgba 5650), depth: 24, stencil: 0, acc: 0000, samples: 2/1
display  D   display_settings.c:388  _al_score_display_settings       [   0.71225] Single Buffer requirement not met.
display  D   display_settings.c:202  debug_display_settings           [   0.71229] color: 16 (rgba 5650), depth: 24, stencil: 0, acc: 0000, samples: 3/1
display  D   display_settings.c:388  _al_score_display_settings       [   0.71235] Single Buffer requirement not met.
display  D   display_settings.c:202  debug_display_settings           [   0.71239] color: 16 (rgba 5650), depth: 24, stencil: 0, acc: 0000, samples: 4/1
display  D   display_settings.c:388  _al_score_display_settings       [   0.71249] Single Buffer requirement not met.
display  D   display_settings.c:202  debug_display_settings           [   0.71258] color: 16 (rgba 5650), depth: 24, stencil: 0, acc: 0000, samples: 5/1
display  D   display_settings.c:388  _al_score_display_settings       [   0.71264] Single Buffer requirement not met.
display  D   display_settings.c:202  debug_display_settings           [   0.71268] color: 16 (rgba 5650), depth: 24, stencil: 0, acc: 0000, samples: 6/1
display  D   display_settings.c:388  _al_score_display_settings       [   0.71274] Single Buffer requirement not met.
display  D   display_settings.c:202  debug_display_settings           [   0.71279] color: 16 (rgba 5650), depth: 24, stencil: 0, acc: 0000, samples: 7/1
display  D   display_settings.c:388  _al_score_display_settings       [   0.71284] Single Buffer requirement not met.
display  D   display_settings.c:202  debug_display_settings           [   0.71289] color: 16 (rgba 5650), depth: 24, stencil: 0, acc: 0000, samples: 8/1
display  D   display_settings.c:388  _al_score_display_settings       [   0.71294] Single Buffer requirement not met.
display  D   display_settings.c:202  debug_display_settings           [   0.71298] color: 16 (rgba 5650), depth: 16, stencil: 0, acc: 0000, samples: 0/0
display  D   display_settings.c:388  _al_score_display_settings       [   0.71303] Single Buffer requirement not met.
display  D   display_settings.c:202  debug_display_settings           [   0.71308] color: 16 (rgba 5650), depth: 16, stencil: 0, acc: 0000, samples: 0/0
display  D   display_settings.c:388  _al_score_display_settings       [   0.71313] Single Buffer requirement not met.
display  D   display_settings.c:202  debug_display_settings           [   0.71318] color: 16 (rgba 5650), depth: 16, stencil: 0, acc: 0000, samples: 2/1
display  D   display_settings.c:388  _al_score_display_settings       [   0.71323] Single Buffer requirement not met.
display  D   display_settings.c:202  debug_display_settings           [   0.71328] color: 16 (rgba 5650), depth: 16, stencil: 0, acc: 0000, samples: 3/1
display  D   display_settings.c:388  _al_score_display_settings       [   0.71333] Single Buffer requirement not met.
display  D   display_settings.c:202  debug_display_settings           [   0.71337] color: 16 (rgba 5650), depth: 16, stencil: 0, acc: 0000, samples: 4/1
display  D   display_settings.c:388  _al_score_display_settings       [   0.71342] Single Buffer requirement not met.
display  D   display_settings.c:202  debug_display_settings           [   0.71347] color: 16 (rgba 5650), depth: 16, stencil: 0, acc: 0000, samples: 5/1
display  D   display_settings.c:388  _al_score_display_settings       [   0.71352] Single Buffer requirement not met.
display  D   display_settings.c:202  debug_display_settings           [   0.71356] color: 16 (rgba 5650), depth: 16, stencil: 0, acc: 0000, samples: 6/1
display  D   display_settings.c:388  _al_score_display_settings       [   0.71362] Single Buffer requirement not met.
display  D   display_settings.c:202  debug_display_settings           [   0.71366] color: 16 (rgba 5650), depth: 16, stencil: 0, acc: 0000, samples: 7/1
display  D   display_settings.c:388  _al_score_display_settings       [   0.71371] Single Buffer requirement not met.
display  D   display_settings.c:202  debug_display_settings           [   0.71376] color: 16 (rgba 5650), depth: 16, stencil: 0, acc: 0000, samples: 8/1
display  D   display_settings.c:388  _al_score_display_settings       [   0.71381] Single Buffer requirement not met.
d3d      D         d3d_disp.cpp:1670 d3d_create_display_internals     [   0.71397] Trying format 0.
d3d      I         d3d_disp.cpp:1346 d3d_display_thread_proc          [   0.71520] Chose a display format: 23
d3d      I         d3d_disp.cpp:1415 d3d_display_thread_proc          [   0.71529] Normal window.
d3d      I         d3d_disp.cpp:779  d3d_create_device                [   0.78071] Using no depth stencil buffer
d3d      D         d3d_disp.cpp:837  d3d_create_device                [   0.92244] BeginScene succeeded in create_device
d3d      D         d3d_disp.cpp:845  d3d_create_device                [   0.92252] Success
d3d      D         d3d_disp.cpp:1693 d3d_create_display_internals     [   0.92317] Resumed after wait.
d3d      I         d3d_disp.cpp:1726 d3d_create_display_internals     [   0.92334] Format 0 succeeded.
d3d      D         d3d_disp.cpp:1757 d3d_create_display_internals     [   0.92341] Returning d3d_display: 00B39CB0
d3d      D         d3d_disp.cpp:1782 d3d_create_display_locked        [   0.92346] al_display=00B39CB0
d3d      D         d3d_disp.cpp:1783 d3d_create_display_locked        [   0.92350] al_display->vt=00B3A298
system   D            wsystem.c:674  maybe_parent_dir                 [   0.92393] Also searching C:\Users\Rica.PENGIN\Documents\Visual Studio 2015\Projects\Snake\Snake\
system   D            wsystem.c:724  _al_win_safe_load_library        [   0.92477] PathFindOnPath found: C:\WINDOWS\system32\d3dx9_43.dll
system   D            wsystem.c:635  load_library_at_path             [   0.92487] Calling LoadLibrary C:\WINDOWS\system32\d3dx9_43.dll
system   I            wsystem.c:638  load_library_at_path             [   0.93180] Loaded C:\WINDOWS\system32\d3dx9_43.dll
d3dx9    I        d3d_d3dx9.cpp:88   _imp_load_d3dx9_module_version   [   0.93194] Module "d3dx9_43.dll" loaded.
font     D                ttf.c:847  al_load_ttf_font_stretch_f       [   0.93457] Font fonts/ariblk.ttf loaded with pixel size 0 x 24.
font     D                ttf.c:849  al_load_ttf_font_stretch_f       [   0.93464]     ascent=26.0, descent=-7.0, height=34.0
dtor     D               dtor.c:184  _al_register_destructor          [   0.93471] added dtor for object 00A93308, func 0FE11AA0
d3d      D         d3d_disp.cpp:1186 real_choose_bitmap_format        [   0.93964] Fake format
d3d      D         d3d_disp.cpp:1186 real_choose_bitmap_format        [   0.93972] Fake format
d3d      D         d3d_disp.cpp:1186 real_choose_bitmap_format        [   0.93976] Fake format
d3d      D         d3d_disp.cpp:1186 real_choose_bitmap_format        [   0.93980] Fake format
d3d      D         d3d_disp.cpp:1186 real_choose_bitmap_format        [   0.93984] Fake format
d3d      D         d3d_disp.cpp:1186 real_choose_bitmap_format        [   0.93988] Fake format
d3d      D         d3d_disp.cpp:1186 real_choose_bitmap_format        [   0.93992] Fake format
d3d      D         d3d_disp.cpp:1186 real_choose_bitmap_format        [   0.93996] Fake format
d3d      D         d3d_disp.cpp:1186 real_choose_bitmap_format        [   0.94000] Fake format
d3d      D         d3d_disp.cpp:1194 real_choose_bitmap_format        [   0.94004] Alpha doesn't match
d3d      D         d3d_disp.cpp:1201 real_choose_bitmap_format        [   0.94008] Adapter format is 23
d3d      D         d3d_disp.cpp:1204 real_choose_bitmap_format        [   0.94012] Found a format
d3d      I         d3d_disp.cpp:2381 d3d_create_bitmap                [   0.94016] Chose bitmap format 9
dtor     D               dtor.c:184  _al_register_destructor          [   0.94068] added dtor for object 02EB2A10, func 0FE141E2
d3d      D          d3d_bmp.cpp:539  _al_d3d_sync_bitmap              [   0.94355] _al_d3d_sync_bitmap (system) ref count == 1
d3d      D          d3d_bmp.cpp:545  _al_d3d_sync_bitmap              [   0.94365] _al_d3d_sync_bitmap (video) ref count == 1
d3d      D         d3d_disp.cpp:1186 real_choose_bitmap_format        [   0.94942] Fake format
d3d      D         d3d_disp.cpp:1186 real_choose_bitmap_format        [   0.94951] Fake format
d3d      D         d3d_disp.cpp:1186 real_choose_bitmap_format        [   0.94956] Fake format
d3d      D         d3d_disp.cpp:1186 real_choose_bitmap_format        [   0.94960] Fake format
d3d      D         d3d_disp.cpp:1186 real_choose_bitmap_format        [   0.94964] Fake format
d3d      D         d3d_disp.cpp:1186 real_choose_bitmap_format        [   0.94968] Fake format
d3d      D         d3d_disp.cpp:1186 real_choose_bitmap_format        [   0.94972] Fake format
d3d      D         d3d_disp.cpp:1186 real_choose_bitmap_format        [   0.94976] Fake format
d3d      D         d3d_disp.cpp:1186 real_choose_bitmap_format        [   0.94980] Fake format
d3d      D         d3d_disp.cpp:1194 real_choose_bitmap_format        [   0.94986] Alpha doesn't match
d3d      D         d3d_disp.cpp:1201 real_choose_bitmap_format        [   0.94991] Adapter format is 23
d3d      D         d3d_disp.cpp:1204 real_choose_bitmap_format        [   0.94995] Found a format
d3d      I         d3d_disp.cpp:2381 d3d_create_bitmap                [   0.95000] Chose bitmap format 9
dtor     D               dtor.c:184  _al_register_destructor          [   0.95044] added dtor for object 02EB4DB8, func 0FE141E2
d3d      D          d3d_bmp.cpp:539  _al_d3d_sync_bitmap              [   0.95165] _al_d3d_sync_bitmap (system) ref count == 1
d3d      D          d3d_bmp.cpp:545  _al_d3d_sync_bitmap              [   0.95173] _al_d3d_sync_bitmap (video) ref count == 1
d3d      D         d3d_disp.cpp:1186 real_choose_bitmap_format        [   0.95355] Fake format
d3d      D         d3d_disp.cpp:1186 real_choose_bitmap_format        [   0.95361] Fake format
d3d      D         d3d_disp.cpp:1186 real_choose_bitmap_format        [   0.95366] Fake format
d3d      D         d3d_disp.cpp:1186 real_choose_bitmap_format        [   0.95370] Fake format
d3d      D         d3d_disp.cpp:1186 real_choose_bitmap_format        [   0.95375] Fake format
d3d      D         d3d_disp.cpp:1186 real_choose_bitmap_format        [   0.95379] Fake format
d3d      D         d3d_disp.cpp:1186 real_choose_bitmap_format        [   0.95383] Fake format
d3d      D         d3d_disp.cpp:1186 real_choose_bitmap_format        [   0.95387] Fake format
d3d      D         d3d_disp.cpp:1186 real_choose_bitmap_format        [   0.95391] Fake format
d3d      D         d3d_disp.cpp:1194 real_choose_bitmap_format        [   0.95395] Alpha doesn't match
d3d      D         d3d_disp.cpp:1201 real_choose_bitmap_format        [   0.95399] Adapter format is 23
d3d      D         d3d_disp.cpp:1204 real_choose_bitmap_format        [   0.95404] Found a format
d3d      I         d3d_disp.cpp:2381 d3d_create_bitmap                [   0.95408] Chose bitmap format 9
dtor     D               dtor.c:184  _al_register_destructor          [   0.95447] added dtor for object 02EB4928, func 0FE141E2
d3d      D          d3d_bmp.cpp:539  _al_d3d_sync_bitmap              [   0.95545] _al_d3d_sync_bitmap (system) ref count == 1
d3d      D          d3d_bmp.cpp:545  _al_d3d_sync_bitmap              [   0.95555] _al_d3d_sync_bitmap (video) ref count == 1
d3d      D         d3d_disp.cpp:1186 real_choose_bitmap_format        [   0.95690] Fake format
d3d      D         d3d_disp.cpp:1186 real_choose_bitmap_format        [   0.95696] Fake format
d3d      D         d3d_disp.cpp:1186 real_choose_bitmap_format        [   0.95700] Fake format
d3d      D         d3d_disp.cpp:1186 real_choose_bitmap_format        [   0.95704] Fake format
d3d      D         d3d_disp.cpp:1186 real_choose_bitmap_format        [   0.95708] Fake format
d3d      D         d3d_disp.cpp:1186 real_choose_bitmap_format        [   0.95712] Fake format
d3d      D         d3d_disp.cpp:1186 real_choose_bitmap_format        [   0.95716] Fake format
d3d      D         d3d_disp.cpp:1186 real_choose_bitmap_format        [   0.95720] Fake format
d3d      D         d3d_disp.cpp:1186 real_choose_bitmap_format        [   0.95724] Fake format
d3d      D         d3d_disp.cpp:1194 real_choose_bitmap_format        [   0.95728] Alpha doesn't match
d3d      D         d3d_disp.cpp:1201 real_choose_bitmap_format        [   0.95733] Adapter format is 23
d3d      D         d3d_disp.cpp:1204 real_choose_bitmap_format        [   0.95737] Found a format
d3d      I         d3d_disp.cpp:2381 d3d_create_bitmap                [   0.95742] Chose bitmap format 9
dtor     D               dtor.c:184  _al_register_destructor          [   0.95776] added dtor for object 02EB82A8, func 0FE141E2
d3d      D          d3d_bmp.cpp:539  _al_d3d_sync_bitmap              [   0.95865] _al_d3d_sync_bitmap (system) ref count == 1
d3d      D          d3d_bmp.cpp:545  _al_d3d_sync_bitmap              [   0.95874] _al_d3d_sync_bitmap (video) ref count == 1
d3d      D         d3d_disp.cpp:1186 real_choose_bitmap_format        [   0.95978] Fake format
d3d      D         d3d_disp.cpp:1186 real_choose_bitmap_format        [   0.96050] Fake format
d3d      D         d3d_disp.cpp:1186 real_choose_bitmap_format        [   0.96057] Fake format
d3d      D         d3d_disp.cpp:1186 real_choose_bitmap_format        [   0.96062] Fake format
d3d      D         d3d_disp.cpp:1186 real_choose_bitmap_format        [   0.96067] Fake format
d3d      D         d3d_disp.cpp:1186 real_choose_bitmap_format        [   0.96071] Fake format
d3d      D         d3d_disp.cpp:1186 real_choose_bitmap_format        [   0.96075] Fake format
d3d      D         d3d_disp.cpp:1186 real_choose_bitmap_format        [   0.96079] Fake format
d3d      D         d3d_disp.cpp:1186 real_choose_bitmap_format        [   0.96083] Fake format
d3d      D         d3d_disp.cpp:1194 real_choose_bitmap_format        [   0.96087] Alpha doesn't match
d3d      D         d3d_disp.cpp:1201 real_choose_bitmap_format        [   0.96091] Adapter format is 23
d3d      D         d3d_disp.cpp:1204 real_choose_bitmap_format        [   0.96096] Found a format
d3d      I         d3d_disp.cpp:2381 d3d_create_bitmap                [   0.96100] Chose bitmap format 9
dtor     D               dtor.c:184  _al_register_destructor          [   0.96136] added dtor for object 02EB3DC0, func 0FE141E2
d3d      D          d3d_bmp.cpp:539  _al_d3d_sync_bitmap              [   0.96230] _al_d3d_sync_bitmap (system) ref count == 1
d3d      D          d3d_bmp.cpp:545  _al_d3d_sync_bitmap              [   0.96246] _al_d3d_sync_bitmap (video) ref count == 1
d3d      D         d3d_disp.cpp:1186 real_choose_bitmap_format        [   0.96326] Fake format
d3d      D         d3d_disp.cpp:1186 real_choose_bitmap_format        [   0.96332] Fake format
d3d      D         d3d_disp.cpp:1186 real_choose_bitmap_format        [   0.96336] Fake format
d3d      D         d3d_disp.cpp:1186 real_choose_bitmap_format        [   0.96340] Fake format
d3d      D         d3d_disp.cpp:1186 real_choose_bitmap_format        [   0.96344] Fake format
d3d      D         d3d_disp.cpp:1186 real_choose_bitmap_format        [   0.96348] Fake format
d3d      D         d3d_disp.cpp:1186 real_choose_bitmap_format        [   0.96352] Fake format
d3d      D         d3d_disp.cpp:1186 real_choose_bitmap_format        [   0.96356] Fake format
d3d      D         d3d_disp.cpp:1186 real_choose_bitmap_format        [   0.96360] Fake format
d3d      D         d3d_disp.cpp:1194 real_choose_bitmap_format        [   0.96364] Alpha doesn't match
d3d      D         d3d_disp.cpp:1201 real_choose_bitmap_format        [   0.96368] Adapter format is 23
d3d      D         d3d_disp.cpp:1204 real_choose_bitmap_format        [   0.96372] Found a format
d3d      I         d3d_disp.cpp:2381 d3d_create_bitmap                [   0.96376] Chose bitmap format 9
dtor     D               dtor.c:184  _al_register_destructor          [   0.96413] added dtor for object 02EB47A8, func 0FE141E2
d3d      D          d3d_bmp.cpp:539  _al_d3d_sync_bitmap              [   0.96678] _al_d3d_sync_bitmap (system) ref count == 1
d3d      D          d3d_bmp.cpp:545  _al_d3d_sync_bitmap              [   0.96686] _al_d3d_sync_bitmap (video) ref count == 1
d3d      D         d3d_disp.cpp:1186 real_choose_bitmap_format        [   0.96768] Fake format
d3d      D         d3d_disp.cpp:1186 real_choose_bitmap_format        [   0.96776] Fake format
d3d      D         d3d_disp.cpp:1186 real_choose_bitmap_format        [   0.96779] Fake format
d3d      D         d3d_disp.cpp:1186 real_choose_bitmap_format        [   0.96785] Fake format
d3d      D         d3d_disp.cpp:1186 real_choose_bitmap_format        [   0.96788] Fake format
d3d      D         d3d_disp.cpp:1186 real_choose_bitmap_format        [   0.96792] Fake format
d3d      D         d3d_disp.cpp:1186 real_choose_bitmap_format        [   0.96795] Fake format
d3d      D         d3d_disp.cpp:1186 real_choose_bitmap_format        [   0.96799] Fake format
d3d      D         d3d_disp.cpp:1186 real_choose_bitmap_format        [   0.96803] Fake format
d3d      D         d3d_disp.cpp:1194 real_choose_bitmap_format        [   0.96806] Alpha doesn't match
d3d      D         d3d_disp.cpp:1201 real_choose_bitmap_format        [   0.96810] Adapter format is 23
d3d      D         d3d_disp.cpp:1204 real_choose_bitmap_format        [   0.96815] Found a format
d3d      I         d3d_disp.cpp:2381 d3d_create_bitmap                [   0.96819] Chose bitmap format 9
dtor     D               dtor.c:184  _al_register_destructor          [   0.96862] added dtor for object 02EAA9E8, func 0FE141E2
d3d      D          d3d_bmp.cpp:539  _al_d3d_sync_bitmap              [   0.96972] _al_d3d_sync_bitmap (system) ref count == 1
d3d      D          d3d_bmp.cpp:545  _al_d3d_sync_bitmap              [   0.96980] _al_d3d_sync_bitmap (video) ref count == 1
d3d      D         d3d_disp.cpp:1186 real_choose_bitmap_format        [   0.97063] Fake format
d3d      D         d3d_disp.cpp:1186 real_choose_bitmap_format        [   0.97068] Fake format
d3d      D         d3d_disp.cpp:1186 real_choose_bitmap_format        [   0.97073] Fake format
d3d      D         d3d_disp.cpp:1186 real_choose_bitmap_format        [   0.97077] Fake format
d3d      D         d3d_disp.cpp:1186 real_choose_bitmap_format        [   0.97082] Fake format
d3d      D         d3d_disp.cpp:1186 real_choose_bitmap_format        [   0.97086] Fake format
d3d      D         d3d_disp.cpp:1186 real_choose_bitmap_format        [   0.97091] Fake format
d3d      D         d3d_disp.cpp:1186 real_choose_bitmap_format        [   0.97095] Fake format
d3d      D         d3d_disp.cpp:1186 real_choose_bitmap_format        [   0.97099] Fake format
d3d      D         d3d_disp.cpp:1194 real_choose_bitmap_format        [   0.97103] Alpha doesn't match
d3d      D         d3d_disp.cpp:1201 real_choose_bitmap_format        [   0.97107] Adapter format is 23
d3d      D         d3d_disp.cpp:1204 real_choose_bitmap_format        [   0.97112] Found a format
d3d      I         d3d_disp.cpp:2381 d3d_create_bitmap                [   0.97117] Chose bitmap format 9
dtor     D               dtor.c:184  _al_register_destructor          [   0.97151] added dtor for object 02EABA38, func 0FE141E2
d3d      D          d3d_bmp.cpp:539  _al_d3d_sync_bitmap              [   0.97289] _al_d3d_sync_bitmap (system) ref count == 1
d3d      D          d3d_bmp.cpp:545  _al_d3d_sync_bitmap              [   0.97298] _al_d3d_sync_bitmap (video) ref count == 1
dtor     D               dtor.c:184  _al_register_destructor          [   0.97349] added dtor for object 02963648, func 0FE1250E
dtor     D               dtor.c:184  _al_register_destructor          [   0.97360] added dtor for object 02EB4CC0, func 0FE145BB
d3d      D          d3d_bmp.cpp:539  _al_d3d_sync_bitmap              [   1.04378] _al_d3d_sync_bitmap (system) ref count == 1
d3d      D          d3d_bmp.cpp:545  _al_d3d_sync_bitmap              [   1.04389] _al_d3d_sync_bitmap (video) ref count == 1
d3d      D          d3d_bmp.cpp:539  _al_d3d_sync_bitmap              [   1.04448] _al_d3d_sync_bitmap (system) ref count == 1
d3d      D          d3d_bmp.cpp:545  _al_d3d_sync_bitmap              [   1.04456] _al_d3d_sync_bitmap (video) ref count == 1
d3d      D          d3d_bmp.cpp:539  _al_d3d_sync_bitmap              [   1.04510] _al_d3d_sync_bitmap (system) ref count == 1
d3d      D          d3d_bmp.cpp:545  _al_d3d_sync_bitmap              [   1.04517] _al_d3d_sync_bitmap (video) ref count == 1
d3d      D          d3d_bmp.cpp:539  _al_d3d_sync_bitmap              [   1.04581] _al_d3d_sync_bitmap (system) ref count == 1
d3d      D          d3d_bmp.cpp:545  _al_d3d_sync_bitmap              [   1.04590] _al_d3d_sync_bitmap (video) ref count == 1
d3d      D          d3d_bmp.cpp:539  _al_d3d_sync_bitmap              [   1.04642] _al_d3d_sync_bitmap (system) ref count == 1
d3d      D          d3d_bmp.cpp:545  _al_d3d_sync_bitmap              [   1.04652] _al_d3d_sync_bitmap (video) ref count == 1
d3d      D          d3d_bmp.cpp:539  _al_d3d_sync_bitmap              [   1.04703] _al_d3d_sync_bitmap (system) ref count == 1
d3d      D          d3d_bmp.cpp:545  _al_d3d_sync_bitmap              [   1.04712] _al_d3d_sync_bitmap (video) ref count == 1
d3d      D          d3d_bmp.cpp:539  _al_d3d_sync_bitmap              [   1.04763] _al_d3d_sync_bitmap (system) ref count == 1
d3d      D          d3d_bmp.cpp:545  _al_d3d_sync_bitmap              [   1.04775] _al_d3d_sync_bitmap (video) ref count == 1
d3d      D          d3d_bmp.cpp:539  _al_d3d_sync_bitmap              [   1.05087] _al_d3d_sync_bitmap (system) ref count == 1
d3d      D          d3d_bmp.cpp:545  _al_d3d_sync_bitmap              [   1.05097] _al_d3d_sync_bitmap (video) ref count == 1
